<?xml version="1.0" encoding="UTF-8"?>
<testsuite xmlns:xsi="http://www.w3.org/2001/XMLSchema-instance" xsi:noNamespaceSchemaLocation="https://maven.apache.org/surefire/maven-surefire-plugin/xsd/surefire-test-report.xsd" version="3.0.2" name="org.generation.CalculatorTest" time="0.004" tests="3" errors="0" skipped="0" failures="0">
  <properties>
[...]
</properties>
  <testcase name="subsTest" classname="Pruebas unitarias de la clase Calculator" time="0.001"/>
  <testcase name="divisionTest" classname="Pruebas unitarias de la clase Calculator" time="0.001"/>
  <testcase name="addTest" classname="Pruebas unitarias de la clase Calculator" time="0.002"/>
</testsuite>